0 info it worked if it ends with ok
1 verbose cli [ '/nodejs/bin/node',
1 verbose cli   '/nodejs/bin/npm',
1 verbose cli   'install',
1 verbose cli   '--save',
1 verbose cli   '@angular/testing' ]
2 info using npm@2.14.7
3 info using node@v4.2.3
4 verbose install initial load of /app/odyc3/package.json
5 verbose installManyTop reading scoped package data from /app/odyc3/node_modules/angular-cli/package.json
6 verbose installManyTop reading scoped package data from /app/odyc3/node_modules/clang-format/package.json
7 verbose installManyTop reading scoped package data from /app/odyc3/node_modules/codelyzer/package.json
8 verbose installManyTop reading scoped package data from /app/odyc3/node_modules/ember-cli-inject-live-reload/package.json
9 verbose installManyTop reading scoped package data from /app/odyc3/node_modules/es6-shim/package.json
10 verbose installManyTop reading scoped package data from /app/odyc3/node_modules/http/package.json
11 verbose installManyTop reading scoped package data from /app/odyc3/node_modules/jasmine-core/package.json
12 verbose installManyTop reading scoped package data from /app/odyc3/node_modules/jasmine-spec-reporter/package.json
13 verbose installManyTop reading scoped package data from /app/odyc3/node_modules/karma/package.json
14 verbose installManyTop reading scoped package data from /app/odyc3/node_modules/karma-chrome-launcher/package.json
15 verbose installManyTop reading scoped package data from /app/odyc3/node_modules/karma-jasmine/package.json
16 verbose installManyTop reading scoped package data from /app/odyc3/node_modules/protractor/package.json
17 verbose installManyTop reading scoped package data from /app/odyc3/node_modules/reflect-metadata/package.json
18 verbose installManyTop reading scoped package data from /app/odyc3/node_modules/rxjs/package.json
19 verbose installManyTop reading scoped package data from /app/odyc3/node_modules/systemjs/package.json
20 verbose installManyTop reading scoped package data from /app/odyc3/node_modules/ts-node/package.json
21 verbose installManyTop reading scoped package data from /app/odyc3/node_modules/tslint/package.json
22 verbose installManyTop reading scoped package data from /app/odyc3/node_modules/typescript/package.json
23 verbose installManyTop reading scoped package data from /app/odyc3/node_modules/typings/package.json
24 verbose installManyTop reading scoped package data from /app/odyc3/node_modules/zone.js/package.json
25 verbose installManyTop reading scoped package data from /app/odyc3/node_modules/@angular/common/package.json
26 verbose installManyTop reading scoped package data from /app/odyc3/node_modules/@angular/compiler/package.json
27 verbose installManyTop reading scoped package data from /app/odyc3/node_modules/@angular/core/package.json
28 verbose installManyTop reading scoped package data from /app/odyc3/node_modules/@angular/http/package.json
29 verbose installManyTop reading scoped package data from /app/odyc3/node_modules/@angular/platform-browser/package.json
30 verbose installManyTop reading scoped package data from /app/odyc3/node_modules/@angular/platform-browser-dynamic/package.json
31 verbose installManyTop reading scoped package data from /app/odyc3/node_modules/@angular/router/package.json
32 info package.json http@0.0.0 http is also the name of a node core module.
33 info package.json http@0.0.0 No description
34 info package.json http@0.0.0 No repository field.
35 info package.json http@0.0.0 No README data
36 info package.json codelyzer@0.0.14 No README data
37 info package.json @angular/common@2.0.0-rc.1 No description
38 info package.json @angular/common@2.0.0-rc.1 No repository field.
39 info package.json @angular/common@2.0.0-rc.1 No README data
40 info package.json @angular/core@2.0.0-rc.1 No description
41 info package.json @angular/core@2.0.0-rc.1 No repository field.
42 info package.json @angular/core@2.0.0-rc.1 No README data
43 info package.json @angular/compiler@2.0.0-rc.1 No description
44 info package.json @angular/compiler@2.0.0-rc.1 No repository field.
45 info package.json @angular/compiler@2.0.0-rc.1 No README data
46 info package.json @angular/http@2.0.0-rc.1 No description
47 info package.json @angular/http@2.0.0-rc.1 No repository field.
48 info package.json @angular/http@2.0.0-rc.1 No README data
49 info package.json @angular/platform-browser-dynamic@2.0.0-rc.1 No description
50 info package.json @angular/platform-browser-dynamic@2.0.0-rc.1 No repository field.
51 info package.json @angular/platform-browser-dynamic@2.0.0-rc.1 No README data
52 info package.json @angular/platform-browser@2.0.0-rc.1 No description
53 info package.json @angular/platform-browser@2.0.0-rc.1 No repository field.
54 info package.json @angular/platform-browser@2.0.0-rc.1 No README data
55 info package.json @angular/router@2.0.0-rc.1 No description
56 info package.json @angular/router@2.0.0-rc.1 No repository field.
57 info package.json @angular/router@2.0.0-rc.1 No README data
58 verbose readDependencies loading dependencies from /app/odyc3/package.json
59 silly cache add args [ '@angular/testing', null ]
60 verbose cache add spec @angular/testing
61 silly cache add parsed spec Result {
61 silly cache add   raw: '@angular/testing',
61 silly cache add   scope: '@angular',
61 silly cache add   name: '@angular/testing',
61 silly cache add   rawSpec: '',
61 silly cache add   spec: '*',
61 silly cache add   type: 'range' }
62 silly addNamed @angular/testing@*
63 verbose addNamed "*" is a valid semver range for @angular/testing
64 silly addNameRange { name: '@angular/testing', range: '*', hasData: false }
65 silly mapToRegistry name @angular/testing
66 silly mapToRegistry scope (from package name) @angular
67 verbose mapToRegistry no registry URL found in name for scope @angular
68 silly mapToRegistry using default registry
69 silly mapToRegistry registry https://registry.npmjs.org/
70 silly mapToRegistry uri https://registry.npmjs.org/@angular%2ftesting
71 verbose addNameRange registry:https://registry.npmjs.org/@angular%2ftesting not in flight; fetching
72 verbose request uri https://registry.npmjs.org/@angular%2ftesting
73 verbose request no auth needed
74 info attempt registry request try #1 at 4:34:26 PM
75 verbose request id 879190de7401616e
76 http request GET https://registry.npmjs.org/@angular%2ftesting
77 http 200 https://registry.npmjs.org/@angular%2ftesting
78 verbose headers { server: 'CouchDB/1.6.1 (Erlang OTP/R16B03)',
78 verbose headers   etag: '"E89FPTY86CB0UKLTPH6MTE2MH"',
78 verbose headers   'content-type': 'application/json',
78 verbose headers   'content-encoding': 'gzip',
78 verbose headers   'cache-control': 'max-age=0',
78 verbose headers   'transfer-encoding': 'chunked',
78 verbose headers   'accept-ranges': 'bytes',
78 verbose headers   date: 'Sun, 02 Oct 2016 16:44:43 GMT',
78 verbose headers   via: '1.1 varnish',
78 verbose headers   age: '0',
78 verbose headers   connection: 'keep-alive',
78 verbose headers   'x-served-by': 'cache-fra1245-FRA',
78 verbose headers   'x-cache': 'MISS',
78 verbose headers   'x-cache-hits': '0',
78 verbose headers   'x-timer': 'S1475426682.620050,VS0,VE800',
78 verbose headers   vary: 'Accept-Encoding' }
79 silly get cb [ 200,
79 silly get   { server: 'CouchDB/1.6.1 (Erlang OTP/R16B03)',
79 silly get     etag: '"E89FPTY86CB0UKLTPH6MTE2MH"',
79 silly get     'content-type': 'application/json',
79 silly get     'content-encoding': 'gzip',
79 silly get     'cache-control': 'max-age=0',
79 silly get     'transfer-encoding': 'chunked',
79 silly get     'accept-ranges': 'bytes',
79 silly get     date: 'Sun, 02 Oct 2016 16:44:43 GMT',
79 silly get     via: '1.1 varnish',
79 silly get     age: '0',
79 silly get     connection: 'keep-alive',
79 silly get     'x-served-by': 'cache-fra1245-FRA',
79 silly get     'x-cache': 'MISS',
79 silly get     'x-cache-hits': '0',
79 silly get     'x-timer': 'S1475426682.620050,VS0,VE800',
79 silly get     vary: 'Accept-Encoding' } ]
80 verbose get saving @angular/testing to /root/.npm/registry.npmjs.org/_40angular_252ftesting/.cache.json
81 silly addNameRange number 2 { name: '@angular/testing', range: '*', hasData: true }
82 silly addNameRange versions [ '@angular/testing', [ '0.0.0-0' ] ]
83 info addNameTag [ '@angular/testing', 'latest' ]
84 silly mapToRegistry name @angular/testing
85 silly mapToRegistry scope (from package name) @angular
86 verbose mapToRegistry no registry URL found in name for scope @angular
87 silly mapToRegistry using default registry
88 silly mapToRegistry registry https://registry.npmjs.org/
89 silly mapToRegistry uri https://registry.npmjs.org/@angular%2ftesting
90 verbose addNameTag registry:https://registry.npmjs.org/@angular%2ftesting already in flight; waiting
91 silly addNameTag next cb for @angular/testing with tag latest
92 silly addNamed @angular/testing@0.0.0-0
93 verbose addNamed "0.0.0-0" is a plain semver version for @angular/testing
94 silly mapToRegistry name @angular/testing
95 silly mapToRegistry scope (from package name) @angular
96 verbose mapToRegistry no registry URL found in name for scope @angular
97 silly mapToRegistry using default registry
98 silly mapToRegistry registry https://registry.npmjs.org/
99 silly mapToRegistry uri https://registry.npmjs.org/@angular%2ftesting
100 verbose addRemoteTarball https://registry.npmjs.org/@angular/testing/-/testing-0.0.0-0.tgz not in flight; adding
101 verbose addRemoteTarball [ 'https://registry.npmjs.org/@angular/testing/-/testing-0.0.0-0.tgz',
101 verbose addRemoteTarball   '0e058f3f4419736f19a707fbe5489187d4e2fedd' ]
102 info retry fetch attempt 1 at 4:34:26 PM
103 info attempt registry request try #1 at 4:34:26 PM
104 http fetch GET https://registry.npmjs.org/@angular/testing/-/testing-0.0.0-0.tgz
105 http fetch 200 https://registry.npmjs.org/@angular/testing/-/testing-0.0.0-0.tgz
106 silly fetchAndShaCheck shasum 0e058f3f4419736f19a707fbe5489187d4e2fedd
107 verbose addTmpTarball /tmp/npm-579-070359fa/registry.npmjs.org/_40angular/testing/-/testing-0.0.0-0.tgz not in flight; adding
108 verbose addTmpTarball already have metadata; skipping unpack for @angular/testing@0.0.0-0
109 silly cache afterAdd @angular/testing@0.0.0-0
110 verbose afterAdd /root/.npm/@angular/testing/0.0.0-0/package/package.json not in flight; writing
111 verbose afterAdd /root/.npm/@angular/testing/0.0.0-0/package/package.json written
112 silly install resolved [ { name: '@angular/testing',
112 silly install resolved     version: '0.0.0-0',
112 silly install resolved     description: '',
112 silly install resolved     main: 'index.js',
112 silly install resolved     'jsnext:main': 'esm/index.js',
112 silly install resolved     typings: 'index.d.ts',
112 silly install resolved     author: { name: 'angular' },
112 silly install resolved     license: 'MIT',
112 silly install resolved     peerDependencies:
112 silly install resolved      { 'zone.js': '^0.6.6',
112 silly install resolved        '@angular/core': '0.0.0-0',
112 silly install resolved        '@angular/common': '0.0.0-0',
112 silly install resolved        '@angular/compiler': '0.0.0-0',
112 silly install resolved        '@angular/platform-browser': '0.0.0-0' },
112 silly install resolved     _id: '@angular/testing@0.0.0-0',
112 silly install resolved     scripts: {},
112 silly install resolved     _shasum: '0e058f3f4419736f19a707fbe5489187d4e2fedd',
112 silly install resolved     _from: '@angular/testing@*',
112 silly install resolved     _resolved: 'https://registry.npmjs.org/@angular/testing/-/testing-0.0.0-0.tgz',
112 silly install resolved     _npmVersion: '3.8.7',
112 silly install resolved     _nodeVersion: '5.4.1',
112 silly install resolved     _npmUser: { name: 'angular', email: 'angular-core+npm@google.com' },
112 silly install resolved     dist:
112 silly install resolved      { shasum: '0e058f3f4419736f19a707fbe5489187d4e2fedd',
112 silly install resolved        tarball: 'https://registry.npmjs.org/@angular/testing/-/testing-0.0.0-0.tgz' },
112 silly install resolved     maintainers: [ [Object] ],
112 silly install resolved     _npmOperationalInternal:
112 silly install resolved      { host: 'packages-16-east.internal.npmjs.com',
112 silly install resolved        tmp: 'tmp/testing-0.0.0-0.tgz_1461817456405_0.29696814995259047' },
112 silly install resolved     directories: {} } ]
113 info install @angular/testing@0.0.0-0 into /app/odyc3
114 info installOne @angular/testing@0.0.0-0
115 verbose installOne of @angular/testing to /app/odyc3 not in flight; installing
116 verbose lock using /root/.npm/_locks/angular-testing-a2e407f0f12f3701.lock for /app/odyc3/node_modules/@angular/testing
117 silly install write writing @angular/testing 0.0.0-0 to /app/odyc3/node_modules/@angular/testing
118 verbose unbuild node_modules/@angular/testing
119 silly gentlyRm /app/odyc3/node_modules/@angular/testing is being purged from base /app/odyc3
120 verbose gentlyRm don't care about contents; nuking /app/odyc3/node_modules/@angular/testing
121 verbose tar unpack /root/.npm/@angular/testing/0.0.0-0/package.tgz
122 verbose tar unpacking to /app/odyc3/node_modules/@angular/testing
123 silly gentlyRm /app/odyc3/node_modules/@angular/testing is being purged
124 verbose gentlyRm don't care about contents; nuking /app/odyc3/node_modules/@angular/testing
125 silly gunzTarPerm modes [ '755', '644' ]
126 silly gunzTarPerm extractEntry package.json
127 silly gunzTarPerm extractEntry index.js
128 silly gunzTarPerm extractEntry platform_browser_private.js
129 silly gunzTarPerm extractEntry testing.js
130 silly gunzTarPerm extractEntry testing.umd.js
131 silly gunzTarPerm extractEntry testing_internal.js
132 silly gunzTarPerm extractEntry src/fake_async.js
133 silly gunzTarPerm extractEntry src/matchers.js
134 silly gunzTarPerm extractEntry src/test_component_builder.js
135 silly gunzTarPerm extractEntry src/test_injector.js
136 silly gunzTarPerm extractEntry src/testing.js
137 silly gunzTarPerm extractEntry src/testing_internal.js
138 silly gunzTarPerm extractEntry src/utils.js
139 silly gunzTarPerm extractEntry src/test_injector.d.ts
140 silly gunzTarPerm extractEntry src/test_component_builder.d.ts
141 silly gunzTarPerm extractEntry src/fake_async.js.map
142 silly gunzTarPerm extractEntry src/test_component_builder.js.map
143 silly gunzTarPerm extractEntry src/fake_async.d.ts
144 silly gunzTarPerm extractEntry src/matchers.d.ts
145 silly gunzTarPerm extractEntry src/test_injector.js.map
146 silly gunzTarPerm extractEntry src/testing.d.ts
147 silly gunzTarPerm extractEntry src/facade/exception_handler.js
148 silly gunzTarPerm extractEntry src/facade/base_wrapped_exception.js
149 silly gunzTarPerm extractEntry src/facade/collection.js
150 silly gunzTarPerm extractEntry src/facade/async.js
151 silly gunzTarPerm extractEntry src/facade/exceptions.js
152 silly gunzTarPerm extractEntry src/facade/lang.js
153 silly gunzTarPerm extractEntry src/facade/promise.js
154 silly gunzTarPerm extractEntry src/facade/async.js.map
155 silly gunzTarPerm extractEntry src/facade/collection.js.map
156 silly gunzTarPerm extractEntry src/facade/exception_handler.d.ts
157 silly gunzTarPerm extractEntry src/facade/base_wrapped_exception.d.ts
158 silly gunzTarPerm extractEntry src/facade/exception_handler.js.map
159 silly gunzTarPerm extractEntry src/facade/exceptions.d.ts
160 silly gunzTarPerm extractEntry src/facade/async.d.ts
161 silly gunzTarPerm extractEntry src/facade/exceptions.js.map
162 silly gunzTarPerm extractEntry src/facade/lang.d.ts
163 silly gunzTarPerm extractEntry src/facade/base_wrapped_exception.js.map
164 silly gunzTarPerm extractEntry src/facade/lang.js.map
165 silly gunzTarPerm extractEntry src/facade/promise.d.ts
166 silly gunzTarPerm extractEntry src/facade/collection.d.ts
167 silly gunzTarPerm extractEntry src/facade/promise.js.map
168 silly gunzTarPerm extractEntry src/testing.js.map
169 silly gunzTarPerm extractEntry src/testing_internal.d.ts
170 silly gunzTarPerm extractEntry src/matchers.js.map
171 silly gunzTarPerm extractEntry src/testing_internal.js.map
172 silly gunzTarPerm extractEntry src/utils.d.ts
173 silly gunzTarPerm extractEntry src/mock/location_mock.js
174 silly gunzTarPerm extractEntry src/mock/mock_application_ref.js
175 silly gunzTarPerm extractEntry src/mock/mock_location_strategy.js
176 silly gunzTarPerm extractEntry src/mock/directive_resolver_mock.js
177 silly gunzTarPerm extractEntry src/mock/ng_zone_mock.js
178 silly gunzTarPerm extractEntry src/mock/schema_registry_mock.js
179 silly gunzTarPerm extractEntry src/mock/view_resolver_mock.js
180 silly gunzTarPerm extractEntry src/mock/xhr_mock.js
181 silly gunzTarPerm extractEntry src/mock/ng_zone_mock.d.ts
182 silly gunzTarPerm extractEntry src/mock/mock_location_strategy.d.ts
183 silly gunzTarPerm extractEntry src/mock/location_mock.d.ts
184 silly gunzTarPerm extractEntry src/mock/mock_location_strategy.js.map
185 silly gunzTarPerm extractEntry src/mock/directive_resolver_mock.d.ts
186 silly gunzTarPerm extractEntry src/mock/location_mock.js.map
187 silly gunzTarPerm extractEntry src/mock/ng_zone_mock.js.map
188 silly gunzTarPerm extractEntry src/mock/schema_registry_mock.d.ts
189 silly gunzTarPerm extractEntry src/mock/mock_application_ref.d.ts
190 silly gunzTarPerm extractEntry src/mock/schema_registry_mock.js.map
191 silly gunzTarPerm extractEntry src/mock/view_resolver_mock.d.ts
192 silly gunzTarPerm extractEntry src/mock/directive_resolver_mock.js.map
193 silly gunzTarPerm extractEntry src/mock/view_resolver_mock.js.map
194 silly gunzTarPerm extractEntry src/mock/xhr_mock.d.ts
195 silly gunzTarPerm extractEntry src/mock/mock_application_ref.js.map
196 silly gunzTarPerm extractEntry src/mock/xhr_mock.js.map
197 silly gunzTarPerm extractEntry src/utils.js.map
198 silly gunzTarPerm extractEntry platform_browser_private.js.map
199 silly gunzTarPerm extractEntry index.d.ts
200 silly gunzTarPerm extractEntry testing.d.ts
201 silly gunzTarPerm extractEntry esm/platform_browser_private.js
202 silly gunzTarPerm extractEntry esm/index.js
203 silly gunzTarPerm extractEntry esm/testing.js
204 silly gunzTarPerm extractEntry esm/testing_internal.js
205 silly gunzTarPerm extractEntry esm/testing.d.ts
206 silly gunzTarPerm extractEntry esm/platform_browser_private.js.map
207 silly gunzTarPerm extractEntry esm/src/fake_async.js
208 silly gunzTarPerm extractEntry esm/src/matchers.js
209 silly gunzTarPerm extractEntry esm/src/test_component_builder.js
210 silly gunzTarPerm extractEntry esm/src/test_injector.js
211 silly gunzTarPerm extractEntry esm/src/testing.js
212 silly gunzTarPerm extractEntry esm/src/testing_internal.js
213 silly gunzTarPerm extractEntry esm/src/utils.js
214 silly gunzTarPerm extractEntry esm/src/test_injector.d.ts
215 silly gunzTarPerm extractEntry esm/src/test_component_builder.d.ts
216 silly gunzTarPerm extractEntry esm/src/fake_async.js.map
217 silly gunzTarPerm extractEntry esm/src/test_component_builder.js.map
218 silly gunzTarPerm extractEntry esm/src/fake_async.d.ts
219 silly gunzTarPerm extractEntry esm/src/matchers.d.ts
220 silly gunzTarPerm extractEntry esm/src/test_injector.js.map
221 silly gunzTarPerm extractEntry esm/src/testing.d.ts
222 silly gunzTarPerm extractEntry esm/src/facade/exception_handler.js
223 silly gunzTarPerm extractEntry esm/src/facade/base_wrapped_exception.js
224 silly gunzTarPerm extractEntry esm/src/facade/collection.js
225 silly gunzTarPerm extractEntry esm/src/facade/async.js
226 silly gunzTarPerm extractEntry esm/src/facade/exceptions.js
227 silly gunzTarPerm extractEntry esm/src/facade/lang.js
228 silly gunzTarPerm extractEntry esm/src/facade/promise.js
229 silly gunzTarPerm extractEntry esm/src/facade/async.js.map
230 silly gunzTarPerm extractEntry esm/src/facade/collection.js.map
231 silly gunzTarPerm extractEntry esm/src/facade/exception_handler.d.ts
232 silly gunzTarPerm extractEntry esm/src/facade/base_wrapped_exception.d.ts
233 silly gunzTarPerm extractEntry esm/src/facade/exception_handler.js.map
234 silly gunzTarPerm extractEntry esm/src/facade/exceptions.d.ts
235 silly gunzTarPerm extractEntry esm/src/facade/async.d.ts
236 silly gunzTarPerm extractEntry esm/src/facade/exceptions.js.map
237 silly gunzTarPerm extractEntry esm/src/facade/lang.d.ts
238 silly gunzTarPerm extractEntry esm/src/facade/base_wrapped_exception.js.map
239 silly gunzTarPerm extractEntry esm/src/facade/lang.js.map
240 silly gunzTarPerm extractEntry esm/src/facade/promise.d.ts
241 silly gunzTarPerm extractEntry esm/src/facade/collection.d.ts
242 silly gunzTarPerm extractEntry esm/src/facade/promise.js.map
243 silly gunzTarPerm extractEntry esm/src/testing.js.map
244 silly gunzTarPerm extractEntry esm/src/testing_internal.d.ts
245 silly gunzTarPerm extractEntry esm/src/matchers.js.map
246 silly gunzTarPerm extractEntry esm/src/testing_internal.js.map
247 silly gunzTarPerm extractEntry esm/src/utils.d.ts
248 silly gunzTarPerm extractEntry esm/src/mock/location_mock.js
249 silly gunzTarPerm extractEntry esm/src/mock/mock_application_ref.js
250 silly gunzTarPerm extractEntry esm/src/mock/mock_location_strategy.js
251 silly gunzTarPerm extractEntry esm/src/mock/directive_resolver_mock.js
252 silly gunzTarPerm extractEntry esm/src/mock/ng_zone_mock.js
253 silly gunzTarPerm extractEntry esm/src/mock/schema_registry_mock.js
254 silly gunzTarPerm extractEntry esm/src/mock/view_resolver_mock.js
255 silly gunzTarPerm extractEntry esm/src/mock/xhr_mock.js
256 silly gunzTarPerm extractEntry esm/src/mock/ng_zone_mock.d.ts
257 silly gunzTarPerm extractEntry esm/src/mock/mock_location_strategy.d.ts
258 silly gunzTarPerm extractEntry esm/src/mock/location_mock.d.ts
259 silly gunzTarPerm extractEntry esm/src/mock/mock_location_strategy.js.map
260 silly gunzTarPerm extractEntry esm/src/mock/directive_resolver_mock.d.ts
261 silly gunzTarPerm extractEntry esm/src/mock/location_mock.js.map
262 silly gunzTarPerm extractEntry esm/src/mock/ng_zone_mock.js.map
263 silly gunzTarPerm extractEntry esm/src/mock/schema_registry_mock.d.ts
264 silly gunzTarPerm extractEntry esm/src/mock/mock_application_ref.d.ts
265 silly gunzTarPerm extractEntry esm/src/mock/schema_registry_mock.js.map
266 silly gunzTarPerm extractEntry esm/src/mock/view_resolver_mock.d.ts
267 silly gunzTarPerm extractEntry esm/src/mock/directive_resolver_mock.js.map
268 silly gunzTarPerm extractEntry esm/src/mock/view_resolver_mock.js.map
269 silly gunzTarPerm extractEntry esm/src/mock/xhr_mock.d.ts
270 silly gunzTarPerm extractEntry esm/src/mock/mock_application_ref.js.map
271 silly gunzTarPerm extractEntry esm/src/mock/xhr_mock.js.map
272 silly gunzTarPerm extractEntry esm/src/utils.js.map
273 silly gunzTarPerm extractEntry esm/index.js.map
274 silly gunzTarPerm extractEntry esm/platform_browser_private.d.ts
275 silly gunzTarPerm extractEntry esm/testing.js.map
276 silly gunzTarPerm extractEntry esm/testing.umd.js.map
277 silly gunzTarPerm extractEntry esm/testing_internal.d.ts
278 silly gunzTarPerm extractEntry esm/index.d.ts
279 silly gunzTarPerm extractEntry esm/testing_internal.js.map
280 silly gunzTarPerm extractEntry testing.js.map
281 silly gunzTarPerm extractEntry platform_browser_private.d.ts
282 silly gunzTarPerm extractEntry testing_internal.d.ts
283 silly gunzTarPerm extractEntry index.js.map
284 silly gunzTarPerm extractEntry testing_internal.js.map
285 verbose write writing to /app/odyc3/node_modules/@angular/testing/package.json
286 info preinstall @angular/testing@0.0.0-0
287 verbose readDependencies loading dependencies from /app/odyc3/node_modules/@angular/testing/package.json
288 silly prepareForInstallMany adding @angular/core@0.0.0-0 from @angular/testing peerDependencies
289 silly prepareForInstallMany adding @angular/common@0.0.0-0 from @angular/testing peerDependencies
290 silly prepareForInstallMany adding @angular/compiler@0.0.0-0 from @angular/testing peerDependencies
291 silly prepareForInstallMany adding @angular/platform-browser@0.0.0-0 from @angular/testing peerDependencies
292 warn peerDependencies The peer dependency @angular/core@0.0.0-0 included from @angular/testing will no
293 warn peerDependencies longer be automatically installed to fulfill the peerDependency
294 warn peerDependencies in npm 3+. Your application will need to depend on it explicitly.
295 warn peerDependencies The peer dependency @angular/common@0.0.0-0 included from @angular/testing will no
296 warn peerDependencies longer be automatically installed to fulfill the peerDependency
297 warn peerDependencies in npm 3+. Your application will need to depend on it explicitly.
298 warn peerDependencies The peer dependency @angular/compiler@0.0.0-0 included from @angular/testing will no
299 warn peerDependencies longer be automatically installed to fulfill the peerDependency
300 warn peerDependencies in npm 3+. Your application will need to depend on it explicitly.
301 warn peerDependencies The peer dependency @angular/platform-browser@0.0.0-0 included from @angular/testing will no
302 warn peerDependencies longer be automatically installed to fulfill the peerDependency
303 warn peerDependencies in npm 3+. Your application will need to depend on it explicitly.
304 verbose readDependencies loading dependencies from /app/odyc3/node_modules/@angular/testing/package.json
305 silly install resolved []
306 verbose about to build /app/odyc3/node_modules/@angular/testing
307 info build /app/odyc3/node_modules/@angular/testing
308 info linkStuff @angular/testing@0.0.0-0
309 silly linkStuff @angular/testing@0.0.0-0 has /app/odyc3/node_modules as its parent node_modules
310 verbose linkBins @angular/testing@0.0.0-0
311 verbose linkMans @angular/testing@0.0.0-0
312 verbose rebuildBundles @angular/testing@0.0.0-0
313 info install @angular/testing@0.0.0-0
314 info postinstall @angular/testing@0.0.0-0
315 verbose readDependencies loading dependencies from /app/odyc3/package.json
316 verbose targetResolver reading package data from /app/odyc3/node_modules/angular-cli/package.json
317 verbose targetResolver reading package data from /app/odyc3/node_modules/clang-format/package.json
318 verbose targetResolver reading package data from /app/odyc3/node_modules/codelyzer/package.json
319 verbose targetResolver reading package data from /app/odyc3/node_modules/ember-cli-inject-live-reload/package.json
320 verbose targetResolver reading package data from /app/odyc3/node_modules/es6-shim/package.json
321 verbose targetResolver reading package data from /app/odyc3/node_modules/http/package.json
322 verbose targetResolver reading package data from /app/odyc3/node_modules/jasmine-core/package.json
323 verbose targetResolver reading package data from /app/odyc3/node_modules/jasmine-spec-reporter/package.json
324 verbose targetResolver reading package data from /app/odyc3/node_modules/karma/package.json
325 verbose targetResolver reading package data from /app/odyc3/node_modules/karma-chrome-launcher/package.json
326 verbose targetResolver reading package data from /app/odyc3/node_modules/karma-jasmine/package.json
327 verbose targetResolver reading package data from /app/odyc3/node_modules/protractor/package.json
328 verbose targetResolver reading package data from /app/odyc3/node_modules/reflect-metadata/package.json
329 verbose targetResolver reading package data from /app/odyc3/node_modules/rxjs/package.json
330 verbose targetResolver reading package data from /app/odyc3/node_modules/systemjs/package.json
331 verbose targetResolver reading package data from /app/odyc3/node_modules/ts-node/package.json
332 verbose targetResolver reading package data from /app/odyc3/node_modules/tslint/package.json
333 verbose targetResolver reading package data from /app/odyc3/node_modules/typescript/package.json
334 verbose targetResolver reading package data from /app/odyc3/node_modules/typings/package.json
335 verbose targetResolver reading package data from /app/odyc3/node_modules/zone.js/package.json
336 verbose targetResolver reading package data from /app/odyc3/node_modules/@angular/common/package.json
337 verbose targetResolver reading package data from /app/odyc3/node_modules/@angular/compiler/package.json
338 verbose targetResolver reading package data from /app/odyc3/node_modules/@angular/core/package.json
339 verbose targetResolver reading package data from /app/odyc3/node_modules/@angular/http/package.json
340 verbose targetResolver reading package data from /app/odyc3/node_modules/@angular/platform-browser/package.json
341 verbose targetResolver reading package data from /app/odyc3/node_modules/@angular/platform-browser-dynamic/package.json
342 verbose targetResolver reading package data from /app/odyc3/node_modules/@angular/router/package.json
343 verbose targetResolver reading package data from /app/odyc3/node_modules/@angular/testing/package.json
344 verbose targetResolver reading package data from /app/odyc3/node_modules/.bin/clang-format/package.json
345 verbose targetResolver reading package data from /app/odyc3/node_modules/.bin/git-clang-format/package.json
346 verbose targetResolver reading package data from /app/odyc3/node_modules/.bin/karma/package.json
347 verbose targetResolver reading package data from /app/odyc3/node_modules/.bin/ng/package.json
348 verbose targetResolver reading package data from /app/odyc3/node_modules/.bin/protractor/package.json
349 verbose targetResolver reading package data from /app/odyc3/node_modules/.bin/ts-node/package.json
350 verbose targetResolver reading package data from /app/odyc3/node_modules/.bin/tsc/package.json
351 verbose targetResolver reading package data from /app/odyc3/node_modules/.bin/tslint/package.json
352 verbose targetResolver reading package data from /app/odyc3/node_modules/.bin/tsserver/package.json
353 verbose targetResolver reading package data from /app/odyc3/node_modules/.bin/typings/package.json
354 verbose targetResolver reading package data from /app/odyc3/node_modules/.bin/webdriver-manager/package.json
355 verbose already installed skipping @angular/compiler@0.0.0-0 /app/odyc3
356 verbose already installed skipping @angular/platform-browser@0.0.0-0 /app/odyc3
357 verbose already installed skipping @angular/core@0.0.0-0 /app/odyc3
358 verbose already installed skipping @angular/common@0.0.0-0 /app/odyc3
359 silly install resolved []
360 verbose unlock done using /root/.npm/_locks/angular-testing-a2e407f0f12f3701.lock for /app/odyc3/node_modules/@angular/testing
361 verbose validateInstall loading /app/odyc3/package.json for validation
362 verbose stack Error: The package @angular/common@2.0.0-rc.1 does not satisfy its siblings' peerDependencies requirements!
362 verbose stack     at /nodejs/lib/node_modules/npm/lib/install.js:125:32
362 verbose stack     at /nodejs/lib/node_modules/npm/lib/install.js:268:7
362 verbose stack     at /nodejs/lib/node_modules/npm/node_modules/read-installed/read-installed.js:142:5
362 verbose stack     at /nodejs/lib/node_modules/npm/node_modules/read-installed/read-installed.js:263:14
362 verbose stack     at cb (/nodejs/lib/node_modules/npm/node_modules/slide/lib/async-map.js:47:24)
362 verbose stack     at /nodejs/lib/node_modules/npm/node_modules/read-installed/read-installed.js:263:14
362 verbose stack     at cb (/nodejs/lib/node_modules/npm/node_modules/slide/lib/async-map.js:47:24)
362 verbose stack     at /nodejs/lib/node_modules/npm/node_modules/read-installed/read-installed.js:263:14
362 verbose stack     at cb (/nodejs/lib/node_modules/npm/node_modules/slide/lib/async-map.js:47:24)
362 verbose stack     at /nodejs/lib/node_modules/npm/node_modules/read-installed/read-installed.js:263:14
363 verbose cwd /app/odyc3
364 error Linux 4.4.17-boot2docker
365 error argv "/nodejs/bin/node" "/nodejs/bin/npm" "install" "--save" "@angular/testing"
366 error node v4.2.3
367 error npm  v2.14.7
368 error code EPEERINVALID
369 error peerinvalid The package @angular/common@2.0.0-rc.1 does not satisfy its siblings' peerDependencies requirements!
369 error peerinvalid Peer @angular/platform-browser@2.0.0-rc.1 wants @angular/common@2.0.0-rc.1
369 error peerinvalid Peer @angular/platform-browser-dynamic@2.0.0-rc.1 wants @angular/common@2.0.0-rc.1
369 error peerinvalid Peer @angular/router@2.0.0-rc.1 wants @angular/common@2.0.0-rc.1
369 error peerinvalid Peer @angular/testing@0.0.0-0 wants @angular/common@0.0.0-0
370 verbose exit [ 1, true ]
